<?xml version="1.0" encoding="UTF-8"?>
<testsuite xmlns:xsi="http://www.w3.org/2001/XMLSchema-instance" xsi:noNamespaceSchemaLocation="https://maven.apache.org/surefire/maven-surefire-plugin/xsd/surefire-test-report.xsd" name="com.demo.BaseTest" time="0.058" tests="1" errors="1" skipped="0" failures="0">
  <properties>
    <property name="sun.desktop" value="windows"/>
    <property name="awt.toolkit" value="sun.awt.windows.WToolkit"/>
    <property name="file.encoding.pkg" value="sun.io"/>
    <property name="java.specification.version" value="1.8"/>
    <property name="sun.cpu.isalist" value="amd64"/>
    <property name="sun.jnu.encoding" value="GBK"/>
    <property name="java.class.path" value="D:\workmaterial\javaEE\ssm\target\test-classes;D:\workmaterial\javaEE\ssm\target\classes;D:\maven_new_repository\junit\junit\4.11\junit-4.11.jar;D:\maven_new_repository\org\hamcrest\hamcrest-core\1.3\hamcrest-core-1.3.jar;D:\maven_new_repository\ch\qos\logback\logback-classic\1.1.1\logback-classic-1.1.1.jar;D:\maven_new_repository\ch\qos\logback\logback-core\1.1.1\logback-core-1.1.1.jar;D:\maven_new_repository\org\slf4j\slf4j-api\1.7.6\slf4j-api-1.7.6.jar;D:\maven_new_repository\mysql\mysql-connector-java\5.1.37\mysql-connector-java-5.1.37.jar;D:\maven_new_repository\c3p0\c3p0\0.9.1.2\c3p0-0.9.1.2.jar;D:\maven_new_repository\org\mybatis\mybatis\3.3.0\mybatis-3.3.0.jar;D:\maven_new_repository\org\mybatis\mybatis-spring\1.2.3\mybatis-spring-1.2.3.jar;D:\maven_new_repository\taglibs\standard\1.1.2\standard-1.1.2.jar;D:\maven_new_repository\jstl\jstl\1.2\jstl-1.2.jar;D:\maven_new_repository\com\fasterxml\jackson\core\jackson-databind\2.5.4\jackson-databind-2.5.4.jar;D:\maven_new_repository\com\fasterxml\jackson\core\jackson-annotations\2.5.0\jackson-annotations-2.5.0.jar;D:\maven_new_repository\com\fasterxml\jackson\core\jackson-core\2.5.4\jackson-core-2.5.4.jar;D:\maven_new_repository\javax\servlet\javax.servlet-api\3.1.0\javax.servlet-api-3.1.0.jar;D:\maven_new_repository\org\springframework\spring-core\4.1.7.RELEASE\spring-core-4.1.7.RELEASE.jar;D:\maven_new_repository\commons-logging\commons-logging\1.2\commons-logging-1.2.jar;D:\maven_new_repository\org\springframework\spring-beans\4.1.7.RELEASE\spring-beans-4.1.7.RELEASE.jar;D:\maven_new_repository\org\springframework\spring-context\4.1.7.RELEASE\spring-context-4.1.7.RELEASE.jar;D:\maven_new_repository\org\springframework\spring-aop\4.1.7.RELEASE\spring-aop-4.1.7.RELEASE.jar;D:\maven_new_repository\aopalliance\aopalliance\1.0\aopalliance-1.0.jar;D:\maven_new_repository\org\springframework\spring-expression\4.1.7.RELEASE\spring-expression-4.1.7.RELEASE.jar;D:\maven_new_repository\org\springframework\spring-jdbc\4.1.7.RELEASE\spring-jdbc-4.1.7.RELEASE.jar;D:\maven_new_repository\org\springframework\spring-tx\4.1.7.RELEASE\spring-tx-4.1.7.RELEASE.jar;D:\maven_new_repository\org\springframework\spring-web\4.1.7.RELEASE\spring-web-4.1.7.RELEASE.jar;D:\maven_new_repository\org\springframework\spring-webmvc\4.1.7.RELEASE\spring-webmvc-4.1.7.RELEASE.jar;D:\maven_new_repository\org\springframework\spring-test\4.1.7.RELEASE\spring-test-4.1.7.RELEASE.jar;D:\maven_new_repository\redis\clients\jedis\2.7.3\jedis-2.7.3.jar;D:\maven_new_repository\org\apache\commons\commons-pool2\2.3\commons-pool2-2.3.jar;D:\maven_new_repository\com\dyuproject\protostuff\protostuff-core\1.0.8\protostuff-core-1.0.8.jar;D:\maven_new_repository\com\dyuproject\protostuff\protostuff-api\1.0.8\protostuff-api-1.0.8.jar;D:\maven_new_repository\com\dyuproject\protostuff\protostuff-runtime\1.0.8\protostuff-runtime-1.0.8.jar;D:\maven_new_repository\com\dyuproject\protostuff\protostuff-collectionschema\1.0.8\protostuff-collectionschema-1.0.8.jar;D:\maven_new_repository\commons-collections\commons-collections\3.2\commons-collections-3.2.jar;"/>
    <property name="java.vm.vendor" value="Oracle Corporation"/>
    <property name="sun.arch.data.model" value="64"/>
    <property name="user.variant" value=""/>
    <property name="java.vendor.url" value="http://java.oracle.com/"/>
    <property name="user.timezone" value=""/>
    <property name="java.vm.specification.version" value="1.8"/>
    <property name="os.name" value="Windows 7"/>
    <property name="user.country" value="CN"/>
    <property name="sun.java.launcher" value="SUN_STANDARD"/>
    <property name="sun.boot.library.path" value="C:\Program Files\Java\jdk1.8.0_102\jre\bin"/>
    <property name="sun.java.command" value="C:\Users\User\AppData\Local\Temp\surefire3514421544012238356\surefirebooter482613821486943042.jar C:\Users\User\AppData\Local\Temp\surefire3514421544012238356 2018-09-20T16-12-33_060-jvmRun1 surefire2658474615593794413tmp surefire_06139064909596433685tmp"/>
    <property name="surefire.test.class.path" value="D:\workmaterial\javaEE\ssm\target\test-classes;D:\workmaterial\javaEE\ssm\target\classes;D:\maven_new_repository\junit\junit\4.11\junit-4.11.jar;D:\maven_new_repository\org\hamcrest\hamcrest-core\1.3\hamcrest-core-1.3.jar;D:\maven_new_repository\ch\qos\logback\logback-classic\1.1.1\logback-classic-1.1.1.jar;D:\maven_new_repository\ch\qos\logback\logback-core\1.1.1\logback-core-1.1.1.jar;D:\maven_new_repository\org\slf4j\slf4j-api\1.7.6\slf4j-api-1.7.6.jar;D:\maven_new_repository\mysql\mysql-connector-java\5.1.37\mysql-connector-java-5.1.37.jar;D:\maven_new_repository\c3p0\c3p0\0.9.1.2\c3p0-0.9.1.2.jar;D:\maven_new_repository\org\mybatis\mybatis\3.3.0\mybatis-3.3.0.jar;D:\maven_new_repository\org\mybatis\mybatis-spring\1.2.3\mybatis-spring-1.2.3.jar;D:\maven_new_repository\taglibs\standard\1.1.2\standard-1.1.2.jar;D:\maven_new_repository\jstl\jstl\1.2\jstl-1.2.jar;D:\maven_new_repository\com\fasterxml\jackson\core\jackson-databind\2.5.4\jackson-databind-2.5.4.jar;D:\maven_new_repository\com\fasterxml\jackson\core\jackson-annotations\2.5.0\jackson-annotations-2.5.0.jar;D:\maven_new_repository\com\fasterxml\jackson\core\jackson-core\2.5.4\jackson-core-2.5.4.jar;D:\maven_new_repository\javax\servlet\javax.servlet-api\3.1.0\javax.servlet-api-3.1.0.jar;D:\maven_new_repository\org\springframework\spring-core\4.1.7.RELEASE\spring-core-4.1.7.RELEASE.jar;D:\maven_new_repository\commons-logging\commons-logging\1.2\commons-logging-1.2.jar;D:\maven_new_repository\org\springframework\spring-beans\4.1.7.RELEASE\spring-beans-4.1.7.RELEASE.jar;D:\maven_new_repository\org\springframework\spring-context\4.1.7.RELEASE\spring-context-4.1.7.RELEASE.jar;D:\maven_new_repository\org\springframework\spring-aop\4.1.7.RELEASE\spring-aop-4.1.7.RELEASE.jar;D:\maven_new_repository\aopalliance\aopalliance\1.0\aopalliance-1.0.jar;D:\maven_new_repository\org\springframework\spring-expression\4.1.7.RELEASE\spring-expression-4.1.7.RELEASE.jar;D:\maven_new_repository\org\springframework\spring-jdbc\4.1.7.RELEASE\spring-jdbc-4.1.7.RELEASE.jar;D:\maven_new_repository\org\springframework\spring-tx\4.1.7.RELEASE\spring-tx-4.1.7.RELEASE.jar;D:\maven_new_repository\org\springframework\spring-web\4.1.7.RELEASE\spring-web-4.1.7.RELEASE.jar;D:\maven_new_repository\org\springframework\spring-webmvc\4.1.7.RELEASE\spring-webmvc-4.1.7.RELEASE.jar;D:\maven_new_repository\org\springframework\spring-test\4.1.7.RELEASE\spring-test-4.1.7.RELEASE.jar;D:\maven_new_repository\redis\clients\jedis\2.7.3\jedis-2.7.3.jar;D:\maven_new_repository\org\apache\commons\commons-pool2\2.3\commons-pool2-2.3.jar;D:\maven_new_repository\com\dyuproject\protostuff\protostuff-core\1.0.8\protostuff-core-1.0.8.jar;D:\maven_new_repository\com\dyuproject\protostuff\protostuff-api\1.0.8\protostuff-api-1.0.8.jar;D:\maven_new_repository\com\dyuproject\protostuff\protostuff-runtime\1.0.8\protostuff-runtime-1.0.8.jar;D:\maven_new_repository\com\dyuproject\protostuff\protostuff-collectionschema\1.0.8\protostuff-collectionschema-1.0.8.jar;D:\maven_new_repository\commons-collections\commons-collections\3.2\commons-collections-3.2.jar;"/>
    <property name="sun.cpu.endian" value="little"/>
    <property name="user.home" value="C:\Users\User"/>
    <property name="user.language" value="zh"/>
    <property name="java.specification.vendor" value="Oracle Corporation"/>
    <property name="java.home" value="C:\Program Files\Java\jdk1.8.0_102\jre"/>
    <property name="basedir" value="D:\workmaterial\javaEE\ssm"/>
    <property name="file.separator" value="\"/>
    <property name="line.separator" value="&#10;"/>
    <property name="java.vm.specification.vendor" value="Oracle Corporation"/>
    <property name="java.specification.name" value="Java Platform API Specification"/>
    <property name="java.awt.graphicsenv" value="sun.awt.Win32GraphicsEnvironment"/>
    <property name="surefire.real.class.path" value="C:\Users\User\AppData\Local\Temp\surefire3514421544012238356\surefirebooter482613821486943042.jar"/>
    <property name="sun.boot.class.path" value="C:\Program Files\Java\jdk1.8.0_102\jre\lib\resources.jar;C:\Program Files\Java\jdk1.8.0_102\jre\lib\rt.jar;C:\Program Files\Java\jdk1.8.0_102\jre\lib\sunrsasign.jar;C:\Program Files\Java\jdk1.8.0_102\jre\lib\jsse.jar;C:\Program Files\Java\jdk1.8.0_102\jre\lib\jce.jar;C:\Program Files\Java\jdk1.8.0_102\jre\lib\charsets.jar;C:\Program Files\Java\jdk1.8.0_102\jre\lib\jfr.jar;C:\Program Files\Java\jdk1.8.0_102\jre\classes"/>
    <property name="user.script" value=""/>
    <property name="sun.management.compiler" value="HotSpot 64-Bit Tiered Compilers"/>
    <property name="java.runtime.version" value="1.8.0_102-b14"/>
    <property name="user.name" value="User"/>
    <property name="path.separator" value=";"/>
    <property name="os.version" value="6.1"/>
    <property name="java.endorsed.dirs" value="C:\Program Files\Java\jdk1.8.0_102\jre\lib\endorsed"/>
    <property name="java.runtime.name" value="Java(TM) SE Runtime Environment"/>
    <property name="file.encoding" value="GBK"/>
    <property name="java.vm.name" value="Java HotSpot(TM) 64-Bit Server VM"/>
    <property name="localRepository" value="D:\maven_new_repository"/>
    <property name="java.vendor.url.bug" value="http://bugreport.sun.com/bugreport/"/>
    <property name="java.io.tmpdir" value="C:\Users\User\AppData\Local\Temp\"/>
    <property name="idea.version" value="2018.2"/>
    <property name="java.version" value="1.8.0_102"/>
    <property name="user.dir" value="D:\workmaterial\javaEE\ssm"/>
    <property name="os.arch" value="amd64"/>
    <property name="java.vm.specification.name" value="Java Virtual Machine Specification"/>
    <property name="java.awt.printerjob" value="sun.awt.windows.WPrinterJob"/>
    <property name="sun.os.patch.level" value="Service Pack 1"/>
    <property name="java.library.path" value="C:\Program Files\Java\jdk1.8.0_102\jre\bin;C:\Windows\Sun\Java\bin;C:\Windows\system32;C:\Windows;C:\Program Files\Java\jdk1.8.0_102\bin;C:\Program Files\Java\jdk1.8.0_102\jre\bin;C:\ProgramData\Oracle\Java\javapath;C:\Windows\system32;C:\Windows;C:\Windows\System32\Wbem;C:\Windows\System32\WindowsPowerShell\v1.0\;C:\Strawberry\c\bin;C:\Strawberry\perl\site\bin;C:\Strawberry\perl\bin;D:\脙聝脗聢脙聝脗颅脙聜脗录脙聝脗戮\Git\cmd;;D:\软件\maven\apache-maven-3.5.2\bin;D:\脙聝脗聢脙聝脗颅脙聜脗录脙聝脗戮\nodejs\;D:\texlive\2018;bin\win32;D:\软件\Git\cmd;D:\软件\nodejs;D:\软件\nodejs\node_modules;D:\软件\nodejs\node_global;;."/>
    <property name="java.vm.info" value="mixed mode"/>
    <property name="java.vendor" value="Oracle Corporation"/>
    <property name="java.vm.version" value="25.102-b14"/>
    <property name="java.ext.dirs" value="C:\Program Files\Java\jdk1.8.0_102\jre\lib\ext;C:\Windows\Sun\Java\lib\ext"/>
    <property name="sun.io.unicode.encoding" value="UnicodeLittle"/>
    <property name="java.class.version" value="52.0"/>
  </properties>
  <testcase name="initializationError" classname="com.demo.BaseTest" time="0.004">
    <error message="No runnable methods" type="java.lang.Exception">java.lang.Exception: No runnable methods
</error>
  </testcase>
</testsuite>